### 10/08/2024 00:36:36
### Intel(R) Core(TM) i5-6300U CPU @ 2.40GHz / RAM 8GB
### Windows 10 Pro x64 / .NET Framework 4.8.09037
### AppControl 1.8.5

### SESSION STOPPED by user in 0:36:53 ###


### 10/08/2024 01:35:42
### Intel(R) Core(TM) i5-6300U CPU @ 2.40GHz / RAM 8GB
### Windows 10 Pro x64 / .NET Framework 4.8.09037
### AppControl 1.8.5

connect 192.168.0.1:5555
cannot connect to 192.168.0.1:5555: A socket operation was attempted to an unreachable host. (10065)

connect 192.168.0.1:5555
cannot connect to 192.168.0.1:5555: A socket operation was attempted to an unreachable host. (10065)

[Event]:USB:PLUG_OUT

### SESSION STOPPED by user in 1:42:32 ###


### 11/08/2024 11:02:13
### Intel(R) Core(TM) i5-6300U CPU @ 2.40GHz / RAM 8GB
### Windows 10 Pro x64 / .NET Framework 4.8.09037
### AppControl 1.8.5

[Event]:USB:PLUG_OUT

>> adb ls

adb.exe: ls requires an argument



### SESSION STOPPED by user in 11:4:16 ###


[Event]:USB:PLUG_IN

### 25/08/2024 08:56:27
### Intel(R) Core(TM) i5-6300U CPU @ 2.40GHz / RAM 8GB
### Windows 10 Pro x64 / .NET Framework 4.8.09037
### AppControl 1.8.5

[Event]:USB:PLUG_OUT

[USB] Device connected: HUAWEI DUB-LX1 (Android 8.1.0.0)

[Success]: ACBridge (com.cybercat.acbridge) installed.

[Success]:Applications data updated.

### SESSION STOPPED by user in 8:59:37 ###


### 01/09/2024 13:32:08
### Intel(R) Core(TM) i5-6300U CPU @ 2.40GHz / RAM 8GB
### Windows 10 Pro x64 / .NET Framework 4.8.09037
### AppControl 1.8.5

[USB] Device connected: HUAWEI DUB-LX1 (Android 8.1.0.0)

[Success]:Applications data updated.

### SESSION STOPPED by user in 13:33:29 ###


### 02/09/2024 21:16:59
### Intel(R) Core(TM) i5-6300U CPU @ 2.40GHz / RAM 8GB
### Windows 10 Pro x64 / .NET Framework 4.8.09037
### AppControl 1.8.5

[USB] Device connected: Samsung SM-A042F (Android 13.0)

[Success]: ACBridge (com.cybercat.acbridge) installed.

[Success]:Applications data updated.

shell pm disable-user --user 0 com.sec.enterprise.knox.cloudmdm.smdms
Package com.sec.enterprise.knox.cloudmdm.smdms new state: disabled-user

shell pm enable --user 0 com.sec.enterprise.knox.cloudmdm.smdms
Package com.sec.enterprise.knox.cloudmdm.smdms new state: enabled

[Event]:USB:PLUG_OUT

[Event]:USB:PLUG_IN

[USB] Device connected: Samsung SM-A042F (Android 13.0)

[Success]:Applications data updated.

### SESSION STOPPED by user in 21:23:37 ###


### 02/09/2024 21:35:59
### Intel(R) Core(TM) i5-6300U CPU @ 2.40GHz / RAM 8GB
### Windows 10 Pro x64 / .NET Framework 4.8.09037
### AppControl 1.8.5

[USB] Device connected: Samsung SM-A042F (Android 13.0)

[Success]:Applications data updated.

shell pm disable-user --user 0 com.sec.enterprise.knox.cloudmdm.smdms
Package com.sec.enterprise.knox.cloudmdm.smdms new state: disabled-user

shell pm enable --user 0 com.sec.enterprise.knox.cloudmdm.smdms
Package com.sec.enterprise.knox.cloudmdm.smdms new state: enabled

shell pm disable-user --user 0 com.watuke.app
Package com.watuke.app new state: disabled-user

shell pm enable --user 0 com.watuke.app
Package com.watuke.app new state: enabled

shell pm disable-user --user 0 com.watuke.app
Package com.watuke.app new state: disabled-user

shell pm disable-user --user 0 com.sec.enterprise.knox.cloudmdm.smdms
Package com.sec.enterprise.knox.cloudmdm.smdms new state: disabled-user

shell pm disable-user --user 0 com.samsung.android.mdm
Package com.samsung.android.mdm new state: disabled-user

shell pm disable-user --user 0 com.sec.enterprise.mdm.services.simpin
Package com.sec.enterprise.mdm.services.simpin new state: disabled-user

### SESSION STOPPED by user in 21:42:12 ###


### 02/09/2024 21:52:12
### Intel(R) Core(TM) i5-6300U CPU @ 2.40GHz / RAM 8GB
### Windows 10 Pro x64 / .NET Framework 4.8.09037
### AppControl 1.8.5

[Event]:USB:PLUG_IN

[USB] Device connected: Samsung SM-A042F (Android 13.0)

[Event]:USB:PLUG_OUT

[USB] Device connected: Samsung SM-A042F (Android 13.0)

[Success]:Applications data updated.

shell pm enable --user 0 com.watuke.app
Package com.watuke.app new state: enabled

shell cmd package install-existing --user 0 com.samsung.android.mdm
Package com.samsung.android.mdm installed for user: 0

shell pm enable --user 0 com.samsung.android.mdm
Package com.samsung.android.mdm new state: enabled

### SESSION STOPPED by user in 21:55:9 ###


### 02/09/2024 22:00:00
### Intel(R) Core(TM) i5-6300U CPU @ 2.40GHz / RAM 8GB
### Windows 10 Pro x64 / .NET Framework 4.8.09037
### AppControl 1.8.5

### SESSION STOPPED by user in 22:4:3 ###


### 02/09/2024 22:04:56
### Intel(R) Core(TM) i5-6300U CPU @ 2.40GHz / RAM 8GB
### Windows 10 Pro x64 / .NET Framework 4.8.09037
### AppControl 1.8.5

[USB] Device connected: Samsung SM-A042F (Android 13.0)

[Success]:Applications data updated.

### SESSION STOPPED by user in 22:5:42 ###


### 02/09/2024 22:23:50
### Intel(R) Core(TM) i5-6300U CPU @ 2.40GHz / RAM 8GB
### Windows 10 Pro x64 / .NET Framework 4.8.09037
### AppControl 1.8.5

[USB] Device connected: Samsung SM-A042F (Android 13.0)

[Success]:Applications data updated.

### SESSION STOPPED by user in 22:27:11 ###


### 02/09/2024 22:37:00
### Intel(R) Core(TM) i5-6300U CPU @ 2.40GHz / RAM 8GB
### Windows 10 Pro x64 / .NET Framework 4.8.09037
### AppControl 1.8.5

[USB] Device connected: Samsung SM-A042F (Android 13.0)

[Success]:Applications data updated.

[Event]:USB:PLUG_OUT

[Event]:USB:PLUG_IN

[USB] Device connected: Samsung SM-A042F (Android 13.0)

[Success]:Applications data updated.

[Event]:USB:PLUG_OUT

[Event]:USB:PLUG_OUT

[Event]:USB:PLUG_IN

[Event]:USB:PLUG_OUT

[Event]:USB:PLUG_OUT

[Event]:USB:PLUG_IN

[Event]:USB:PLUG_OUT

### SESSION STOPPED by user in 22:46:32 ###


### 02/09/2024 22:49:44
### Intel(R) Core(TM) i5-6300U CPU @ 2.40GHz / RAM 8GB
### Windows 10 Pro x64 / .NET Framework 4.8.09037
### AppControl 1.8.5

[USB] Device connected: Samsung SM-A042F (Android 13.0)

[Success]:Applications data updated.

shell pm revoke com.sec.enterprise.knox.cloudmdm.smdms android.permission.ACCESS_COARSE_LOCATION

shell pm revoke com.sec.enterprise.knox.cloudmdm.smdms android.permission.ACCESS_FINE_LOCATION

shell pm revoke com.sec.enterprise.knox.cloudmdm.smdms android.permission.ACCESS_NETWORK_STATE
Exception occurred while executing 'revoke':
java.lang.SecurityException: Permission android.permission.ACCESS_NETWORK_STATE requested by com.sec.enterprise.knox.cloudmdm.smdms is not a changeable permission type
	at com.android.server.pm.permission.PermissionManagerServiceImpl.revokeRuntimePermissionInternal(PermissionManagerServiceImpl.java:1626)
	at com.android.server.pm.permission.PermissionManagerServiceImpl.revokeRuntimePermissionInternal(PermissionManagerServiceImpl.java:1561)
	at com.android.server.pm.permission.PermissionManagerServiceImpl.revokeRuntimePermission(PermissionManagerServiceImpl.java:1541)
	at com.android.server.pm.permission.PermissionManagerService.revokeRuntimePermission(PermissionManagerService.java:557)
	at android.permission.PermissionManager.revokeRuntimePermission(PermissionManager.java:638)
	at com.android.server.pm.PackageManagerShellCommand.runGrantRevokePermission(PackageManagerShellCommand.java:2599)
	at com.android.server.pm.PackageManagerShellCommand.onCommand(PackageManagerShellCommand.java:311)
	at com.android.modules.utils.BasicShellCommandHandler.exec(BasicShellCommandHandler.java:97)
	at android.os.ShellCommand.exec(ShellCommand.java:38)
	at com.android.server.pm.PackageManagerService$IPackageManagerImpl.onShellCommand(PackageManagerService.java:7071)
	at android.os.Binder.shellCommand(Binder.java:1085)
	at android.os.Binder.onTransact(Binder.java:903)
	at android.content.pm.IPackageManager$Stub.onTransact(IPackageManager.java:4962)
	at com.android.server.pm.PackageManagerService$IPackageManagerImpl.onTransact(PackageManagerService.java:7055)
	at android.os.Binder.execTransactInternal(Binder.java:1321)
	at android.os.Binder.execTransact(Binder.java:1280)

shell pm revoke com.sec.enterprise.knox.cloudmdm.smdms android.permission.ACCESS_PDB_STATE
Exception occurred while executing 'revoke':
java.lang.SecurityException: Permission android.permission.ACCESS_PDB_STATE is managed by role
	at com.android.server.pm.permission.PermissionManagerServiceImpl.revokeRuntimePermissionInternal(PermissionManagerServiceImpl.java:1622)
	at com.android.server.pm.permission.PermissionManagerServiceImpl.revokeRuntimePermissionInternal(PermissionManagerServiceImpl.java:1561)
	at com.android.server.pm.permission.PermissionManagerServiceImpl.revokeRuntimePermission(PermissionManagerServiceImpl.java:1541)
	at com.android.server.pm.permission.PermissionManagerService.revokeRuntimePermission(PermissionManagerService.java:557)
	at android.permission.PermissionManager.revokeRuntimePermission(PermissionManager.java:638)
	at com.android.server.pm.PackageManagerShellCommand.runGrantRevokePermission(PackageManagerShellCommand.java:2599)
	at com.android.server.pm.PackageManagerShellCommand.onCommand(PackageManagerShellCommand.java:311)
	at com.android.modules.utils.BasicShellCommandHandler.exec(BasicShellCommandHandler.java:97)
	at android.os.ShellCommand.exec(ShellCommand.java:38)
	at com.android.server.pm.PackageManagerService$IPackageManagerImpl.onShellCommand(PackageManagerService.java:7071)
	at android.os.Binder.shellCommand(Binder.java:1085)
	at android.os.Binder.onTransact(Binder.java:903)
	at android.content.pm.IPackageManager$Stub.onTransact(IPackageManager.java:4962)
	at com.android.server.pm.PackageManagerService$IPackageManagerImpl.onTransact(PackageManagerService.java:7055)
	at android.os.Binder.execTransactInternal(Binder.java:1321)
	at android.os.Binder.execTransact(Binder.java:1280)

shell pm revoke com.sec.enterprise.knox.cloudmdm.smdms android.permission.ACCESS_WIFI_STATE
Exception occurred while executing 'revoke':
java.lang.SecurityException: Permission android.permission.ACCESS_WIFI_STATE requested by com.sec.enterprise.knox.cloudmdm.smdms is not a changeable permission type
	at com.android.server.pm.permission.PermissionManagerServiceImpl.revokeRuntimePermissionInternal(PermissionManagerServiceImpl.java:1626)
	at com.android.server.pm.permission.PermissionManagerServiceImpl.revokeRuntimePermissionInternal(PermissionManagerServiceImpl.java:1561)
	at com.android.server.pm.permission.PermissionManagerServiceImpl.revokeRuntimePermission(PermissionManagerServiceImpl.java:1541)
	at com.android.server.pm.permission.PermissionManagerService.revokeRuntimePermission(PermissionManagerService.java:557)
	at android.permission.PermissionManager.revokeRuntimePermission(PermissionManager.java:638)
	at com.android.server.pm.PackageManagerShellCommand.runGrantRevokePermission(PackageManagerShellCommand.java:2599)
	at com.android.server.pm.PackageManagerShellCommand.onCommand(PackageManagerShellCommand.java:311)
	at com.android.modules.utils.BasicShellCommandHandler.exec(BasicShellCommandHandler.java:97)
	at android.os.ShellCommand.exec(ShellCommand.java:38)
	at com.android.server.pm.PackageManagerService$IPackageManagerImpl.onShellCommand(PackageManagerService.java:7071)
	at android.os.Binder.shellCommand(Binder.java:1085)
	at android.os.Binder.onTransact(Binder.java:903)
	at android.content.pm.IPackageManager$Stub.onTransact(IPackageManager.java:4962)
	at com.android.server.pm.PackageManagerService$IPackageManagerImpl.onTransact(PackageManagerService.java:7055)
	at android.os.Binder.execTransactInternal(Binder.java:1321)
	at android.os.Binder.execTransact(Binder.java:1280)

shell pm revoke com.sec.enterprise.knox.cloudmdm.smdms android.permission.BIND_DEVICE_ADMIN
Exception occurred while executing 'revoke':
java.lang.SecurityException: Permission android.permission.BIND_DEVICE_ADMIN is managed by role
	at com.android.server.pm.permission.PermissionManagerServiceImpl.revokeRuntimePermissionInternal(PermissionManagerServiceImpl.java:1622)
	at com.android.server.pm.permission.PermissionManagerServiceImpl.revokeRuntimePermissionInternal(PermissionManagerServiceImpl.java:1561)
	at com.android.server.pm.permission.PermissionManagerServiceImpl.revokeRuntimePermission(PermissionManagerServiceImpl.java:1541)
	at com.android.server.pm.permission.PermissionManagerService.revokeRuntimePermission(PermissionManagerService.java:557)
	at android.permission.PermissionManager.revokeRuntimePermission(PermissionManager.java:638)
	at com.android.server.pm.PackageManagerShellCommand.runGrantRevokePermission(PackageManagerShellCommand.java:2599)
	at com.android.server.pm.PackageManagerShellCommand.onCommand(PackageManagerShellCommand.java:311)
	at com.android.modules.utils.BasicShellCommandHandler.exec(BasicShellCommandHandler.java:97)
	at android.os.ShellCommand.exec(ShellCommand.java:38)
	at com.android.server.pm.PackageManagerService$IPackageManagerImpl.onShellCommand(PackageManagerService.java:7071)
	at android.os.Binder.shellCommand(Binder.java:1085)
	at android.os.Binder.onTransact(Binder.java:903)
	at android.content.pm.IPackageManager$Stub.onTransact(IPackageManager.java:4962)
	at com.android.server.pm.PackageManagerService$IPackageManagerImpl.onTransact(PackageManagerService.java:7055)
	at android.os.Binder.execTransactInternal(Binder.java:1321)
	at android.os.Binder.execTransact(Binder.java:1280)

shell pm revoke com.sec.enterprise.knox.cloudmdm.smdms android.permission.CAMERA

shell pm revoke com.sec.enterprise.knox.cloudmdm.smdms android.permission.CHANGE_WIFI_STATE
Exception occurred while executing 'revoke':
java.lang.SecurityException: Permission android.permission.CHANGE_WIFI_STATE requested by com.sec.enterprise.knox.cloudmdm.smdms is not a changeable permission type
	at com.android.server.pm.permission.PermissionManagerServiceImpl.revokeRuntimePermissionInternal(PermissionManagerServiceImpl.java:1626)
	at com.android.server.pm.permission.PermissionManagerServiceImpl.revokeRuntimePermissionInternal(PermissionManagerServiceImpl.java:1561)
	at com.android.server.pm.permission.PermissionManagerServiceImpl.revokeRuntimePermission(PermissionManagerServiceImpl.java:1541)
	at com.android.server.pm.permission.PermissionManagerService.revokeRuntimePermission(PermissionManagerService.java:557)
	at android.permission.PermissionManager.revokeRuntimePermission(PermissionManager.java:638)
	at com.android.server.pm.PackageManagerShellCommand.runGrantRevokePermission(PackageManagerShellCommand.java:2599)
	at com.android.server.pm.PackageManagerShellCommand.onCommand(PackageManagerShellCommand.java:311)
	at com.android.modules.utils.BasicShellCommandHandler.exec(BasicShellCommandHandler.java:97)
	at android.os.ShellCommand.exec(ShellCommand.java:38)
	at com.android.server.pm.PackageManagerService$IPackageManagerImpl.onShellCommand(PackageManagerService.java:7071)
	at android.os.Binder.shellCommand(Binder.java:1085)
	at android.os.Binder.onTransact(Binder.java:903)
	at android.content.pm.IPackageManager$Stub.onTransact(IPackageManager.java:4962)
	at com.android.server.pm.PackageManagerService$IPackageManagerImpl.onTransact(PackageManagerService.java:7055)
	at android.os.Binder.execTransactInternal(Binder.java:1321)
	at android.os.Binder.execTransact(Binder.java:1280)

shell pm revoke com.sec.enterprise.knox.cloudmdm.smdms android.permission.DELETE_PACKAGES
Exception occurred while executing 'revoke':
java.lang.SecurityException: Permission android.permission.DELETE_PACKAGES is managed by role
	at com.android.server.pm.permission.PermissionManagerServiceImpl.revokeRuntimePermissionInternal(PermissionManagerServiceImpl.java:1622)
	at com.android.server.pm.permission.PermissionManagerServiceImpl.revokeRuntimePermissionInternal(PermissionManagerServiceImpl.java:1561)
	at com.android.server.pm.permission.PermissionManagerServiceImpl.revokeRuntimePermission(PermissionManagerServiceImpl.java:1541)
	at com.android.server.pm.permission.PermissionManagerService.revokeRuntimePermission(PermissionManagerService.java:557)
	at android.permission.PermissionManager.revokeRuntimePermission(PermissionManager.java:638)
	at com.android.server.pm.PackageManagerShellCommand.runGrantRevokePermission(PackageManagerShellCommand.java:2599)
	at com.android.server.pm.PackageManagerShellCommand.onCommand(PackageManagerShellCommand.java:311)
	at com.android.modules.utils.BasicShellCommandHandler.exec(BasicShellCommandHandler.java:97)
	at android.os.ShellCommand.exec(ShellCommand.java:38)
	at com.android.server.pm.PackageManagerService$IPackageManagerImpl.onShellCommand(PackageManagerService.java:7071)
	at android.os.Binder.shellCommand(Binder.java:1085)
	at android.os.Binder.onTransact(Binder.java:903)
	at android.content.pm.IPackageManager$Stub.onTransact(IPackageManager.java:4962)
	at com.android.server.pm.PackageManagerService$IPackageManagerImpl.onTransact(PackageManagerService.java:7055)
	at android.os.Binder.execTransactInternal(Binder.java:1321)
	at android.os.Binder.execTransact(Binder.java:1280)

shell pm revoke com.sec.enterprise.knox.cloudmdm.smdms android.permission.DISPATCH_PROVISIONING_MESSAGE
Exception occurred while executing 'revoke':
java.lang.SecurityException: Permission android.permission.DISPATCH_PROVISIONING_MESSAGE requested by com.sec.enterprise.knox.cloudmdm.smdms is not a changeable permission type
	at com.android.server.pm.permission.PermissionManagerServiceImpl.revokeRuntimePermissionInternal(PermissionManagerServiceImpl.java:1626)
	at com.android.server.pm.permission.PermissionManagerServiceImpl.revokeRuntimePermissionInternal(PermissionManagerServiceImpl.java:1561)
	at com.android.server.pm.permission.PermissionManagerServiceImpl.revokeRuntimePermission(PermissionManagerServiceImpl.java:1541)
	at com.android.server.pm.permission.PermissionManagerService.revokeRuntimePermission(PermissionManagerService.java:557)
	at android.permission.PermissionManager.revokeRuntimePermission(PermissionManager.java:638)
	at com.android.server.pm.PackageManagerShellCommand.runGrantRevokePermission(PackageManagerShellCommand.java:2599)
	at com.android.server.pm.PackageManagerShellCommand.onCommand(PackageManagerShellCommand.java:311)
	at com.android.modules.utils.BasicShellCommandHandler.exec(BasicShellCommandHandler.java:97)
	at android.os.ShellCommand.exec(ShellCommand.java:38)
	at com.android.server.pm.PackageManagerService$IPackageManagerImpl.onShellCommand(PackageManagerService.java:7071)
	at android.os.Binder.shellCommand(Binder.java:1085)
	at android.os.Binder.onTransact(Binder.java:903)
	at android.content.pm.IPackageManager$Stub.onTransact(IPackageManager.java:4962)
	at com.android.server.pm.PackageManagerService$IPackageManagerImpl.onTransact(PackageManagerService.java:7055)
	at android.os.Binder.execTransactInternal(Binder.java:1321)
	at android.os.Binder.execTransact(Binder.java:1280)

shell pm revoke com.sec.enterprise.knox.cloudmdm.smdms android.permission.FOREGROUND_SERVICE
Exception occurred while executing 'revoke':
java.lang.SecurityException: Permission android.permission.FOREGROUND_SERVICE requested by com.sec.enterprise.knox.cloudmdm.smdms is not a changeable permission type
	at com.android.server.pm.permission.PermissionManagerServiceImpl.revokeRuntimePermissionInternal(PermissionManagerServiceImpl.java:1626)
	at com.android.server.pm.permission.PermissionManagerServiceImpl.revokeRuntimePermissionInternal(PermissionManagerServiceImpl.java:1561)
	at com.android.server.pm.permission.PermissionManagerServiceImpl.revokeRuntimePermission(PermissionManagerServiceImpl.java:1541)
	at com.android.server.pm.permission.PermissionManagerService.revokeRuntimePermission(PermissionManagerService.java:557)
	at android.permission.PermissionManager.revokeRuntimePermission(PermissionManager.java:638)
	at com.android.server.pm.PackageManagerShellCommand.runGrantRevokePermission(PackageManagerShellCommand.java:2599)
	at com.android.server.pm.PackageManagerShellCommand.onCommand(PackageManagerShellCommand.java:311)
	at com.android.modules.utils.BasicShellCommandHandler.exec(BasicShellCommandHandler.java:97)
	at android.os.ShellCommand.exec(ShellCommand.java:38)
	at com.android.server.pm.PackageManagerService$IPackageManagerImpl.onShellCommand(PackageManagerService.java:7071)
	at android.os.Binder.shellCommand(Binder.java:1085)
	at android.os.Binder.onTransact(Binder.java:903)
	at android.content.pm.IPackageManager$Stub.onTransact(IPackageManager.java:4962)
	at com.android.server.pm.PackageManagerService$IPackageManagerImpl.onTransact(PackageManagerService.java:7055)
	at android.os.Binder.execTransactInternal(Binder.java:1321)
	at android.os.Binder.execTransact(Binder.java:1280)

shell pm revoke com.sec.enterprise.knox.cloudmdm.smdms android.permission.GET_TASKS
Exception occurred while executing 'revoke':
java.lang.SecurityException: Permission android.permission.GET_TASKS requested by com.sec.enterprise.knox.cloudmdm.smdms is not a changeable permission type
	at com.android.server.pm.permission.PermissionManagerServiceImpl.revokeRuntimePermissionInternal(PermissionManagerServiceImpl.java:1626)
	at com.android.server.pm.permission.PermissionManagerServiceImpl.revokeRuntimePermissionInternal(PermissionManagerServiceImpl.java:1561)
	at com.android.server.pm.permission.PermissionManagerServiceImpl.revokeRuntimePermission(PermissionManagerServiceImpl.java:1541)
	at com.android.server.pm.permission.PermissionManagerService.revokeRuntimePermission(PermissionManagerService.java:557)
	at android.permission.PermissionManager.revokeRuntimePermission(PermissionManager.java:638)
	at com.android.server.pm.PackageManagerShellCommand.runGrantRevokePermission(PackageManagerShellCommand.java:2599)
	at com.android.server.pm.PackageManagerShellCommand.onCommand(PackageManagerShellCommand.java:311)
	at com.android.modules.utils.BasicShellCommandHandler.exec(BasicShellCommandHandler.java:97)
	at android.os.ShellCommand.exec(ShellCommand.java:38)
	at com.android.server.pm.PackageManagerService$IPackageManagerImpl.onShellCommand(PackageManagerService.java:7071)
	at android.os.Binder.shellCommand(Binder.java:1085)
	at android.os.Binder.onTransact(Binder.java:903)
	at android.content.pm.IPackageManager$Stub.onTransact(IPackageManager.java:4962)
	at com.android.server.pm.PackageManagerService$IPackageManagerImpl.onTransact(PackageManagerService.java:7055)
	at android.os.Binder.execTransactInternal(Binder.java:1321)
	at android.os.Binder.execTransact(Binder.java:1280)

shell pm revoke com.sec.enterprise.knox.cloudmdm.smdms android.permission.INSTALL_PACKAGES
Exception occurred while executing 'revoke':
java.lang.SecurityException: Permission android.permission.INSTALL_PACKAGES requested by com.sec.enterprise.knox.cloudmdm.smdms is not a changeable permission type
	at com.android.server.pm.permission.PermissionManagerServiceImpl.revokeRuntimePermissionInternal(PermissionManagerServiceImpl.java:1626)
	at com.android.server.pm.permission.PermissionManagerServiceImpl.revokeRuntimePermissionInternal(PermissionManagerServiceImpl.java:1561)
	at com.android.server.pm.permission.PermissionManagerServiceImpl.revokeRuntimePermission(PermissionManagerServiceImpl.java:1541)
	at com.android.server.pm.permission.PermissionManagerService.revokeRuntimePermission(PermissionManagerService.java:557)
	at android.permission.PermissionManager.revokeRuntimePermission(PermissionManager.java:638)
	at com.android.server.pm.PackageManagerShellCommand.runGrantRevokePermission(PackageManagerShellCommand.java:2599)
	at com.android.server.pm.PackageManagerShellCommand.onCommand(PackageManagerShellCommand.java:311)
	at com.android.modules.utils.BasicShellCommandHandler.exec(BasicShellCommandHandler.java:97)
	at android.os.ShellCommand.exec(ShellCommand.java:38)
	at com.android.server.pm.PackageManagerService$IPackageManagerImpl.onShellCommand(PackageManagerService.java:7071)
	at android.os.Binder.shellCommand(Binder.java:1085)
	at android.os.Binder.onTransact(Binder.java:903)
	at android.content.pm.IPackageManager$Stub.onTransact(IPackageManager.java:4962)
	at com.android.server.pm.PackageManagerService$IPackageManagerImpl.onTransact(PackageManagerService.java:7055)
	at android.os.Binder.execTransactInternal(Binder.java:1321)
	at android.os.Binder.execTransact(Binder.java:1280)

shell pm revoke com.sec.enterprise.knox.cloudmdm.smdms android.permission.INTERACT_ACROSS_USERS_FULL
Exception occurred while executing 'revoke':
java.lang.SecurityException: Permission android.permission.INTERACT_ACROSS_USERS_FULL is managed by role
	at com.android.server.pm.permission.PermissionManagerServiceImpl.revokeRuntimePermissionInternal(PermissionManagerServiceImpl.java:1622)
	at com.android.server.pm.permission.PermissionManagerServiceImpl.revokeRuntimePermissionInternal(PermissionManagerServiceImpl.java:1561)
	at com.android.server.pm.permission.PermissionManagerServiceImpl.revokeRuntimePermission(PermissionManagerServiceImpl.java:1541)
	at com.android.server.pm.permission.PermissionManagerService.revokeRuntimePermission(PermissionManagerService.java:557)
	at android.permission.PermissionManager.revokeRuntimePermission(PermissionManager.java:638)
	at com.android.server.pm.PackageManagerShellCommand.runGrantRevokePermission(PackageManagerShellCommand.java:2599)
	at com.android.server.pm.PackageManagerShellCommand.onCommand(PackageManagerShellCommand.java:311)
	at com.android.modules.utils.BasicShellCommandHandler.exec(BasicShellCommandHandler.java:97)
	at android.os.ShellCommand.exec(ShellCommand.java:38)
	at com.android.server.pm.PackageManagerService$IPackageManagerImpl.onShellCommand(PackageManagerService.java:7071)
	at android.os.Binder.shellCommand(Binder.java:1085)
	at android.os.Binder.onTransact(Binder.java:903)
	at android.content.pm.IPackageManager$Stub.onTransact(IPackageManager.java:4962)
	at com.android.server.pm.PackageManagerService$IPackageManagerImpl.onTransact(PackageManagerService.java:7055)
	at android.os.Binder.execTransactInternal(Binder.java:1321)
	at android.os.Binder.execTransact(Binder.java:1280)

shell pm revoke com.sec.enterprise.knox.cloudmdm.smdms android.permission.INTERNET
Exception occurred while executing 'revoke':
java.lang.SecurityException: Permission android.permission.INTERNET requested by com.sec.enterprise.knox.cloudmdm.smdms is not a changeable permission type
	at com.android.server.pm.permission.PermissionManagerServiceImpl.revokeRuntimePermissionInternal(PermissionManagerServiceImpl.java:1626)
	at com.android.server.pm.permission.PermissionManagerServiceImpl.revokeRuntimePermissionInternal(PermissionManagerServiceImpl.java:1561)
	at com.android.server.pm.permission.PermissionManagerServiceImpl.revokeRuntimePermission(PermissionManagerServiceImpl.java:1541)
	at com.android.server.pm.permission.PermissionManagerService.revokeRuntimePermission(PermissionManagerService.java:557)
	at android.permission.PermissionManager.revokeRuntimePermission(PermissionManager.java:638)
	at com.android.server.pm.PackageManagerShellCommand.runGrantRevokePermission(PackageManagerShellCommand.java:2599)
	at com.android.server.pm.PackageManagerShellCommand.onCommand(PackageManagerShellCommand.java:311)
	at com.android.modules.utils.BasicShellCommandHandler.exec(BasicShellCommandHandler.java:97)
	at android.os.ShellCommand.exec(ShellCommand.java:38)
	at com.android.server.pm.PackageManagerService$IPackageManagerImpl.onShellCommand(PackageManagerService.java:7071)
	at android.os.Binder.shellCommand(Binder.java:1085)
	at android.os.Binder.onTransact(Binder.java:903)
	at android.content.pm.IPackageManager$Stub.onTransact(IPackageManager.java:4962)
	at com.android.server.pm.PackageManagerService$IPackageManagerImpl.onTransact(PackageManagerService.java:7055)
	at android.os.Binder.execTransactInternal(Binder.java:1321)
	at android.os.Binder.execTransact(Binder.java:1280)

shell pm revoke com.sec.enterprise.knox.cloudmdm.smdms android.permission.INVOKE_CARRIER_SETUP
Exception occurred while executing 'revoke':
java.lang.SecurityException: Permission android.permission.INVOKE_CARRIER_SETUP requested by com.sec.enterprise.knox.cloudmdm.smdms is not a changeable permission type
	at com.android.server.pm.permission.PermissionManagerServiceImpl.revokeRuntimePermissionInternal(PermissionManagerServiceImpl.java:1626)
	at com.android.server.pm.permission.PermissionManagerServiceImpl.revokeRuntimePermissionInternal(PermissionManagerServiceImpl.java:1561)
	at com.android.server.pm.permission.PermissionManagerServiceImpl.revokeRuntimePermission(PermissionManagerServiceImpl.java:1541)
	at com.android.server.pm.permission.PermissionManagerService.revokeRuntimePermission(PermissionManagerService.java:557)
	at android.permission.PermissionManager.revokeRuntimePermission(PermissionManager.java:638)
	at com.android.server.pm.PackageManagerShellCommand.runGrantRevokePermission(PackageManagerShellCommand.java:2599)
	at com.android.server.pm.PackageManagerShellCommand.onCommand(PackageManagerShellCommand.java:311)
	at com.android.modules.utils.BasicShellCommandHandler.exec(BasicShellCommandHandler.java:97)
	at android.os.ShellCommand.exec(ShellCommand.java:38)
	at com.android.server.pm.PackageManagerService$IPackageManagerImpl.onShellCommand(PackageManagerService.java:7071)
	at android.os.Binder.shellCommand(Binder.java:1085)
	at android.os.Binder.onTransact(Binder.java:903)
	at android.content.pm.IPackageManager$Stub.onTransact(IPackageManager.java:4962)
	at com.android.server.pm.PackageManagerService$IPackageManagerImpl.onTransact(PackageManagerService.java:7055)
	at android.os.Binder.execTransactInternal(Binder.java:1321)
	at android.os.Binder.execTransact(Binder.java:1280)

shell pm revoke com.sec.enterprise.knox.cloudmdm.smdms android.permission.MANAGE_DEVICE_ADMINS
Exception occurred while executing 'revoke':
java.lang.SecurityException: Permission android.permission.MANAGE_DEVICE_ADMINS is managed by role
	at com.android.server.pm.permission.PermissionManagerServiceImpl.revokeRuntimePermissionInternal(PermissionManagerServiceImpl.java:1622)
	at com.android.server.pm.permission.PermissionManagerServiceImpl.revokeRuntimePermissionInternal(PermissionManagerServiceImpl.java:1561)
	at com.android.server.pm.permission.PermissionManagerServiceImpl.revokeRuntimePermission(PermissionManagerServiceImpl.java:1541)
	at com.android.server.pm.permission.PermissionManagerService.revokeRuntimePermission(PermissionManagerService.java:557)
	at android.permission.PermissionManager.revokeRuntimePermission(PermissionManager.java:638)
	at com.android.server.pm.PackageManagerShellCommand.runGrantRevokePermission(PackageManagerShellCommand.java:2599)
	at com.android.server.pm.PackageManagerShellCommand.onCommand(PackageManagerShellCommand.java:311)
	at com.android.modules.utils.BasicShellCommandHandler.exec(BasicShellCommandHandler.java:97)
	at android.os.ShellCommand.exec(ShellCommand.java:38)
	at com.android.server.pm.PackageManagerService$IPackageManagerImpl.onShellCommand(PackageManagerService.java:7071)
	at android.os.Binder.shellCommand(Binder.java:1085)
	at android.os.Binder.onTransact(Binder.java:903)
	at android.content.pm.IPackageManager$Stub.onTransact(IPackageManager.java:4962)
	at com.android.server.pm.PackageManagerService$IPackageManagerImpl.onTransact(PackageManagerService.java:7055)
	at android.os.Binder.execTransactInternal(Binder.java:1321)
	at android.os.Binder.execTransact(Binder.java:1280)

shell pm revoke com.sec.enterprise.knox.cloudmdm.smdms android.permission.MANAGE_PROFILE_AND_DEVICE_OWNERS
Exception occurred while executing 'revoke':
java.lang.SecurityException: Permission android.permission.MANAGE_PROFILE_AND_DEVICE_OWNERS is managed by role
	at com.android.server.pm.permission.PermissionManagerServiceImpl.revokeRuntimePermissionInternal(PermissionManagerServiceImpl.java:1622)
	at com.android.server.pm.permission.PermissionManagerServiceImpl.revokeRuntimePermissionInternal(PermissionManagerServiceImpl.java:1561)
	at com.android.server.pm.permission.PermissionManagerServiceImpl.revokeRuntimePermission(PermissionManagerServiceImpl.java:1541)
	at com.android.server.pm.permission.PermissionManagerService.revokeRuntimePermission(PermissionManagerService.java:557)
	at android.permission.PermissionManager.revokeRuntimePermission(PermissionManager.java:638)
	at com.android.server.pm.PackageManagerShellCommand.runGrantRevokePermission(PackageManagerShellCommand.java:2599)
	at com.android.server.pm.PackageManagerShellCommand.onCommand(PackageManagerShellCommand.java:311)
	at com.android.modules.utils.BasicShellCommandHandler.exec(BasicShellCommandHandler.java:97)
	at android.os.ShellCommand.exec(ShellCommand.java:38)
	at com.android.server.pm.PackageManagerService$IPackageManagerImpl.onShellCommand(PackageManagerService.java:7071)
	at android.os.Binder.shellCommand(Binder.java:1085)
	at android.os.Binder.onTransact(Binder.java:903)
	at android.content.pm.IPackageManager$Stub.onTransact(IPackageManager.java:4962)
	at com.android.server.pm.PackageManagerService$IPackageManagerImpl.onTransact(PackageManagerService.java:7055)
	at android.os.Binder.execTransactInternal(Binder.java:1321)
	at android.os.Binder.execTransact(Binder.java:1280)

shell pm revoke com.sec.enterprise.knox.cloudmdm.smdms android.permission.MANAGE_USERS
Exception occurred while executing 'revoke':
java.lang.SecurityException: Permission android.permission.MANAGE_USERS requested by com.sec.enterprise.knox.cloudmdm.smdms is not a changeable permission type
	at com.android.server.pm.permission.PermissionManagerServiceImpl.revokeRuntimePermissionInternal(PermissionManagerServiceImpl.java:1626)
	at com.android.server.pm.permission.PermissionManagerServiceImpl.revokeRuntimePermissionInternal(PermissionManagerServiceImpl.java:1561)
	at com.android.server.pm.permission.PermissionManagerServiceImpl.revokeRuntimePermission(PermissionManagerServiceImpl.java:1541)
	at com.android.server.pm.permission.PermissionManagerService.revokeRuntimePermission(PermissionManagerService.java:557)
	at android.permission.PermissionManager.revokeRuntimePermission(PermissionManager.java:638)
	at com.android.server.pm.PackageManagerShellCommand.runGrantRevokePermission(PackageManagerShellCommand.java:2599)
	at com.android.server.pm.PackageManagerShellCommand.onCommand(PackageManagerShellCommand.java:311)
	at com.android.modules.utils.BasicShellCommandHandler.exec(BasicShellCommandHandler.java:97)
	at android.os.ShellCommand.exec(ShellCommand.java:38)
	at com.android.server.pm.PackageManagerService$IPackageManagerImpl.onShellCommand(PackageManagerService.java:7071)
	at android.os.Binder.shellCommand(Binder.java:1085)
	at android.os.Binder.onTransact(Binder.java:903)
	at android.content.pm.IPackageManager$Stub.onTransact(IPackageManager.java:4962)
	at com.android.server.pm.PackageManagerService$IPackageManagerImpl.onTransact(PackageManagerService.java:7055)
	at android.os.Binder.execTransactInternal(Binder.java:1321)
	at android.os.Binder.execTransact(Binder.java:1280)

shell pm revoke com.sec.enterprise.knox.cloudmdm.smdms android.permission.NFC
Exception occurred while executing 'revoke':
java.lang.SecurityException: Permission android.permission.NFC requested by com.sec.enterprise.knox.cloudmdm.smdms is not a changeable permission type
	at com.android.server.pm.permission.PermissionManagerServiceImpl.revokeRuntimePermissionInternal(PermissionManagerServiceImpl.java:1626)
	at com.android.server.pm.permission.PermissionManagerServiceImpl.revokeRuntimePermissionInternal(PermissionManagerServiceImpl.java:1561)
	at com.android.server.pm.permission.PermissionManagerServiceImpl.revokeRuntimePermission(PermissionManagerServiceImpl.java:1541)
	at com.android.server.pm.permission.PermissionManagerService.revokeRuntimePermission(PermissionManagerService.java:557)
	at android.permission.PermissionManager.revokeRuntimePermission(PermissionManager.java:638)
	at com.android.server.pm.PackageManagerShellCommand.runGrantRevokePermission(PackageManagerShellCommand.java:2599)
	at com.android.server.pm.PackageManagerShellCommand.onCommand(PackageManagerShellCommand.java:311)
	at com.android.modules.utils.BasicShellCommandHandler.exec(BasicShellCommandHandler.java:97)
	at android.os.ShellCommand.exec(ShellCommand.java:38)
	at com.android.server.pm.PackageManagerService$IPackageManagerImpl.onShellCommand(PackageManagerService.java:7071)
	at android.os.Binder.shellCommand(Binder.java:1085)
	at android.os.Binder.onTransact(Binder.java:903)
	at android.content.pm.IPackageManager$Stub.onTransact(IPackageManager.java:4962)
	at com.android.server.pm.PackageManagerService$IPackageManagerImpl.onTransact(PackageManagerService.java:7055)
	at android.os.Binder.execTransactInternal(Binder.java:1321)
	at android.os.Binder.execTransact(Binder.java:1280)

shell pm revoke com.sec.enterprise.knox.cloudmdm.smdms android.permission.OEM_UNLOCK_STATE
Exception occurred while executing 'revoke':
java.lang.SecurityException: Permission android.permission.OEM_UNLOCK_STATE requested by com.sec.enterprise.knox.cloudmdm.smdms is not a changeable permission type
	at com.android.server.pm.permission.PermissionManagerServiceImpl.revokeRuntimePermissionInternal(PermissionManagerServiceImpl.java:1626)
	at com.android.server.pm.permission.PermissionManagerServiceImpl.revokeRuntimePermissionInternal(PermissionManagerServiceImpl.java:1561)
	at com.android.server.pm.permission.PermissionManagerServiceImpl.revokeRuntimePermission(PermissionManagerServiceImpl.java:1541)
	at com.android.server.pm.permission.PermissionManagerService.revokeRuntimePermission(PermissionManagerService.java:557)
	at android.permission.PermissionManager.revokeRuntimePermission(PermissionManager.java:638)
	at com.android.server.pm.PackageManagerShellCommand.runGrantRevokePermission(PackageManagerShellCommand.java:2599)
	at com.android.server.pm.PackageManagerShellCommand.onCommand(PackageManagerShellCommand.java:311)
	at com.android.modules.utils.BasicShellCommandHandler.exec(BasicShellCommandHandler.java:97)
	at android.os.ShellCommand.exec(ShellCommand.java:38)
	at com.android.server.pm.PackageManagerService$IPackageManagerImpl.onShellCommand(PackageManagerService.java:7071)
	at android.os.Binder.shellCommand(Binder.java:1085)
	at android.os.Binder.onTransact(Binder.java:903)
	at android.content.pm.IPackageManager$Stub.onTransact(IPackageManager.java:4962)
	at com.android.server.pm.PackageManagerService$IPackageManagerImpl.onTransact(PackageManagerService.java:7055)
	at android.os.Binder.execTransactInternal(Binder.java:1321)
	at android.os.Binder.execTransact(Binder.java:1280)

shell pm revoke com.sec.enterprise.knox.cloudmdm.smdms android.permission.POST_NOTIFICATIONS
Exception occurred while executing 'revoke':
java.lang.SecurityException: Non-System UID cannot revoke system fixed permission android.permission.POST_NOTIFICATIONS for package com.sec.enterprise.knox.cloudmdm.smdms
	at com.android.server.pm.permission.PermissionManagerServiceImpl.revokeRuntimePermissionInternal(PermissionManagerServiceImpl.java:1654)
	at com.android.server.pm.permission.PermissionManagerServiceImpl.revokeRuntimePermissionInternal(PermissionManagerServiceImpl.java:1561)
	at com.android.server.pm.permission.PermissionManagerServiceImpl.revokeRuntimePermission(PermissionManagerServiceImpl.java:1541)
	at com.android.server.pm.permission.PermissionManagerService.revokeRuntimePermission(PermissionManagerService.java:557)
	at android.permission.PermissionManager.revokeRuntimePermission(PermissionManager.java:638)
	at com.android.server.pm.PackageManagerShellCommand.runGrantRevokePermission(PackageManagerShellCommand.java:2599)
	at com.android.server.pm.PackageManagerShellCommand.onCommand(PackageManagerShellCommand.java:311)
	at com.android.modules.utils.BasicShellCommandHandler.exec(BasicShellCommandHandler.java:97)
	at android.os.ShellCommand.exec(ShellCommand.java:38)
	at com.android.server.pm.PackageManagerService$IPackageManagerImpl.onShellCommand(PackageManagerService.java:7071)
	at android.os.Binder.shellCommand(Binder.java:1085)
	at android.os.Binder.onTransact(Binder.java:903)
	at android.content.pm.IPackageManager$Stub.onTransact(IPackageManager.java:4962)
	at com.android.server.pm.PackageManagerService$IPackageManagerImpl.onTransact(PackageManagerService.java:7055)
	at android.os.Binder.execTransactInternal(Binder.java:1321)
	at android.os.Binder.execTransact(Binder.java:1280)

shell pm revoke com.sec.enterprise.knox.cloudmdm.smdms android.permission.QUERY_ALL_PACKAGES
Exception occurred while executing 'revoke':
java.lang.SecurityException: Permission android.permission.QUERY_ALL_PACKAGES requested by com.sec.enterprise.knox.cloudmdm.smdms is not a changeable permission type
	at com.android.server.pm.permission.PermissionManagerServiceImpl.revokeRuntimePermissionInternal(PermissionManagerServiceImpl.java:1626)
	at com.android.server.pm.permission.PermissionManagerServiceImpl.revokeRuntimePermissionInternal(PermissionManagerServiceImpl.java:1561)
	at com.android.server.pm.permission.PermissionManagerServiceImpl.revokeRuntimePermission(PermissionManagerServiceImpl.java:1541)
	at com.android.server.pm.permission.PermissionManagerService.revokeRuntimePermission(PermissionManagerService.java:557)
	at android.permission.PermissionManager.revokeRuntimePermission(PermissionManager.java:638)
	at com.android.server.pm.PackageManagerShellCommand.runGrantRevokePermission(PackageManagerShellCommand.java:2599)
	at com.android.server.pm.PackageManagerShellCommand.onCommand(PackageManagerShellCommand.java:311)
	at com.android.modules.utils.BasicShellCommandHandler.exec(BasicShellCommandHandler.java:97)
	at android.os.ShellCommand.exec(ShellCommand.java:38)
	at com.android.server.pm.PackageManagerService$IPackageManagerImpl.onShellCommand(PackageManagerService.java:7071)
	at android.os.Binder.shellCommand(Binder.java:1085)
	at android.os.Binder.onTransact(Binder.java:903)
	at android.content.pm.IPackageManager$Stub.onTransact(IPackageManager.java:4962)
	at com.android.server.pm.PackageManagerService$IPackageManagerImpl.onTransact(PackageManagerService.java:7055)
	at android.os.Binder.execTransactInternal(Binder.java:1321)
	at android.os.Binder.execTransact(Binder.java:1280)

shell pm revoke com.sec.enterprise.knox.cloudmdm.smdms android.permission.READ_OEM_UNLOCK_STATE
Exception occurred while executing 'revoke':
java.lang.SecurityException: Permission android.permission.READ_OEM_UNLOCK_STATE requested by com.sec.enterprise.knox.cloudmdm.smdms is not a changeable permission type
	at com.android.server.pm.permission.PermissionManagerServiceImpl.revokeRuntimePermissionInternal(PermissionManagerServiceImpl.java:1626)
	at com.android.server.pm.permission.PermissionManagerServiceImpl.revokeRuntimePermissionInternal(PermissionManagerServiceImpl.java:1561)
	at com.android.server.pm.permission.PermissionManagerServiceImpl.revokeRuntimePermission(PermissionManagerServiceImpl.java:1541)
	at com.android.server.pm.permission.PermissionManagerService.revokeRuntimePermission(PermissionManagerService.java:557)
	at android.permission.PermissionManager.revokeRuntimePermission(PermissionManager.java:638)
	at com.android.server.pm.PackageManagerShellCommand.runGrantRevokePermission(PackageManagerShellCommand.java:2599)
	at com.android.server.pm.PackageManagerShellCommand.onCommand(PackageManagerShellCommand.java:311)
	at com.android.modules.utils.BasicShellCommandHandler.exec(BasicShellCommandHandler.java:97)
	at android.os.ShellCommand.exec(ShellCommand.java:38)
	at com.android.server.pm.PackageManagerService$IPackageManagerImpl.onShellCommand(PackageManagerService.java:7071)
	at android.os.Binder.shellCommand(Binder.java:1085)
	at android.os.Binder.onTransact(Binder.java:903)
	at android.content.pm.IPackageManager$Stub.onTransact(IPackageManager.java:4962)
	at com.android.server.pm.PackageManagerService$IPackageManagerImpl.onTransact(PackageManagerService.java:7055)
	at android.os.Binder.execTransactInternal(Binder.java:1321)
	at android.os.Binder.execTransact(Binder.java:1280)

shell pm revoke com.sec.enterprise.knox.cloudmdm.smdms android.permission.READ_PRIVILEGED_PHONE_STATE
Exception occurred while executing 'revoke':
java.lang.SecurityException: Permission android.permission.READ_PRIVILEGED_PHONE_STATE is managed by role
	at com.android.server.pm.permission.PermissionManagerServiceImpl.revokeRuntimePermissionInternal(PermissionManagerServiceImpl.java:1622)
	at com.android.server.pm.permission.PermissionManagerServiceImpl.revokeRuntimePermissionInternal(PermissionManagerServiceImpl.java:1561)
	at com.android.server.pm.permission.PermissionManagerServiceImpl.revokeRuntimePermission(PermissionManagerServiceImpl.java:1541)
	at com.android.server.pm.permission.PermissionManagerService.revokeRuntimePermission(PermissionManagerService.java:557)
	at android.permission.PermissionManager.revokeRuntimePermission(PermissionManager.java:638)
	at com.android.server.pm.PackageManagerShellCommand.runGrantRevokePermission(PackageManagerShellCommand.java:2599)
	at com.android.server.pm.PackageManagerShellCommand.onCommand(PackageManagerShellCommand.java:311)
	at com.android.modules.utils.BasicShellCommandHandler.exec(BasicShellCommandHandler.java:97)
	at android.os.ShellCommand.exec(ShellCommand.java:38)
	at com.android.server.pm.PackageManagerService$IPackageManagerImpl.onShellCommand(PackageManagerService.java:7071)
	at android.os.Binder.shellCommand(Binder.java:1085)
	at android.os.Binder.onTransact(Binder.java:903)
	at android.content.pm.IPackageManager$Stub.onTransact(IPackageManager.java:4962)
	at com.android.server.pm.PackageManagerService$IPackageManagerImpl.onTransact(PackageManagerService.java:7055)
	at android.os.Binder.execTransactInternal(Binder.java:1321)
	at android.os.Binder.execTransact(Binder.java:1280)

shell pm revoke com.sec.enterprise.knox.cloudmdm.smdms android.permission.REAL_GET_TASKS
Exception occurred while executing 'revoke':
java.lang.SecurityException: Permission android.permission.REAL_GET_TASKS requested by com.sec.enterprise.knox.cloudmdm.smdms is not a changeable permission type
	at com.android.server.pm.permission.PermissionManagerServiceImpl.revokeRuntimePermissionInternal(PermissionManagerServiceImpl.java:1626)
	at com.android.server.pm.permission.PermissionManagerServiceImpl.revokeRuntimePermissionInternal(PermissionManagerServiceImpl.java:1561)
	at com.android.server.pm.permission.PermissionManagerServiceImpl.revokeRuntimePermission(PermissionManagerServiceImpl.java:1541)
	at com.android.server.pm.permission.PermissionManagerService.revokeRuntimePermission(PermissionManagerService.java:557)
	at android.permission.PermissionManager.revokeRuntimePermission(PermissionManager.java:638)
	at com.android.server.pm.PackageManagerShellCommand.runGrantRevokePermission(PackageManagerShellCommand.java:2599)
	at com.android.server.pm.PackageManagerShellCommand.onCommand(PackageManagerShellCommand.java:311)
	at com.android.modules.utils.BasicShellCommandHandler.exec(BasicShellCommandHandler.java:97)
	at android.os.ShellCommand.exec(ShellCommand.java:38)
	at com.android.server.pm.PackageManagerService$IPackageManagerImpl.onShellCommand(PackageManagerService.java:7071)
	at android.os.Binder.shellCommand(Binder.java:1085)
	at android.os.Binder.onTransact(Binder.java:903)
	at android.content.pm.IPackageManager$Stub.onTransact(IPackageManager.java:4962)
	at com.android.server.pm.PackageManagerService$IPackageManagerImpl.onTransact(PackageManagerService.java:7055)
	at android.os.Binder.execTransactInternal(Binder.java:1321)
	at android.os.Binder.execTransact(Binder.java:1280)

shell pm revoke com.sec.enterprise.knox.cloudmdm.smdms android.permission.RECEIVE_BOOT_COMPLETED
Exception occurred while executing 'revoke':
java.lang.SecurityException: Permission android.permission.RECEIVE_BOOT_COMPLETED requested by com.sec.enterprise.knox.cloudmdm.smdms is not a changeable permission type
	at com.android.server.pm.permission.PermissionManagerServiceImpl.revokeRuntimePermissionInternal(PermissionManagerServiceImpl.java:1626)
	at com.android.server.pm.permission.PermissionManagerServiceImpl.revokeRuntimePermissionInternal(PermissionManagerServiceImpl.java:1561)
	at com.android.server.pm.permission.PermissionManagerServiceImpl.revokeRuntimePermission(PermissionManagerServiceImpl.java:1541)
	at com.android.server.pm.permission.PermissionManagerService.revokeRuntimePermission(PermissionManagerService.java:557)
	at android.permission.PermissionManager.revokeRuntimePermission(PermissionManager.java:638)
	at com.android.server.pm.PackageManagerShellCommand.runGrantRevokePermission(PackageManagerShellCommand.java:2599)
	at com.android.server.pm.PackageManagerShellCommand.onCommand(PackageManagerShellCommand.java:311)
	at com.android.modules.utils.BasicShellCommandHandler.exec(BasicShellCommandHandler.java:97)
	at android.os.ShellCommand.exec(ShellCommand.java:38)
	at com.android.server.pm.PackageManagerService$IPackageManagerImpl.onShellCommand(PackageManagerService.java:7071)
	at android.os.Binder.shellCommand(Binder.java:1085)
	at android.os.Binder.onTransact(Binder.java:903)
	at android.content.pm.IPackageManager$Stub.onTransact(IPackageManager.java:4962)
	at com.android.server.pm.PackageManagerService$IPackageManagerImpl.onTransact(PackageManagerService.java:7055)
	at android.os.Binder.execTransactInternal(Binder.java:1321)
	at android.os.Binder.execTransact(Binder.java:1280)

shell pm revoke com.sec.enterprise.knox.cloudmdm.smdms android.permission.OEM_UNLOCK_STATE
Exception occurred while executing 'revoke':
java.lang.SecurityException: Permission android.permission.OEM_UNLOCK_STATE requested by com.sec.enterprise.knox.cloudmdm.smdms is not a changeable permission type
	at com.android.server.pm.permission.PermissionManagerServiceImpl.revokeRuntimePermissionInternal(PermissionManagerServiceImpl.java:1626)
	at com.android.server.pm.permission.PermissionManagerServiceImpl.revokeRuntimePermissionInternal(PermissionManagerServiceImpl.java:1561)
	at com.android.server.pm.permission.PermissionManagerServiceImpl.revokeRuntimePermission(PermissionManagerServiceImpl.java:1541)
	at com.android.server.pm.permission.PermissionManagerService.revokeRuntimePermission(PermissionManagerService.java:557)
	at android.permission.PermissionManager.revokeRuntimePermission(PermissionManager.java:638)
	at com.android.server.pm.PackageManagerShellCommand.runGrantRevokePermission(PackageManagerShellCommand.java:2599)
	at com.android.server.pm.PackageManagerShellCommand.onCommand(PackageManagerShellCommand.java:311)
	at com.android.modules.utils.BasicShellCommandHandler.exec(BasicShellCommandHandler.java:97)
	at android.os.ShellCommand.exec(ShellCommand.java:38)
	at com.android.server.pm.PackageManagerService$IPackageManagerImpl.onShellCommand(PackageManagerService.java:7071)
	at android.os.Binder.shellCommand(Binder.java:1085)
	at android.os.Binder.onTransact(Binder.java:903)
	at android.content.pm.IPackageManager$Stub.onTransact(IPackageManager.java:4962)
	at com.android.server.pm.PackageManagerService$IPackageManagerImpl.onTransact(PackageManagerService.java:7055)
	at android.os.Binder.execTransactInternal(Binder.java:1321)
	at android.os.Binder.execTransact(Binder.java:1280)

[Event]:USB:PLUG_OUT

### 04/09/2024 21:25:28
### Intel(R) Core(TM) i5-6300U CPU @ 2.40GHz / RAM 8GB
### Windows 10 Pro x64 / .NET Framework 4.8.09037
### AppControl 1.8.5

### SESSION STOPPED by user in 21:25:31 ###


### 23/10/2024 13:44:24
### Intel(R) Core(TM) i5-6300U CPU @ 2.40GHz / RAM 8GB
### Windows 10 Pro x64 / .NET Framework 4.8.09037
### AppControl 1.8.5

### SESSION STOPPED by user in 13:44:36 ###


### 01/12/2024 07:36:56
### Intel(R) Core(TM) i5-6300U CPU @ 2.40GHz / RAM 8GB
### Windows 10 Pro x64 / .NET Framework 4.8.09037
### AppControl 1.8.5

connect 192.168.0.1:5555
cannot connect to 192.168.0.1:5555: A socket operation was attempted to an unreachable host. (10065)

### SESSION STOPPED by user in 7:37:21 ###


### 17/01/2025 19:07:41
### Intel(R) Core(TM) i5-6300U CPU @ 2.40GHz / RAM 8GB
### Windows 10 Pro x64 / .NET Framework 4.8.09037
### AppControl 1.8.5

### SESSION STOPPED by user in 19:7:48 ###


